<?xml version="1.0" encoding="UTF-8"?>
<!-- Generated by org.testng.reporters.JUnitXMLReporter -->
<testsuite hostname="diego-Lenovo-ideapad-310-15ISK" ignored="0" name="Default test" tests="5" failures="0" timestamp="24 abr 2020 10:21:34 GMT" time="30.857" errors="0">
  <testcase name="google0" time="4.608" classname="com.josealdo.teste.GoogleSearchTest"/>
  <testcase name="google1" time="3.629" classname="com.josealdo.teste.GoogleSearchTest"/>
  <testcase name="loginSucesso" time="4.502" classname="com.josealdo.teste.GuruTest"/>
  <testcase name="loginSucesso" time="6.71" classname="com.josealdo.teste.GuruTestRegister"/>
  <testcase name="idSucess" time="3.703" classname="com.josealdo.teste.GuruAlert"/>
</testsuite> <!-- Default test -->
